<?xml version="1.0" encoding="UTF-8"?>
<coverage generated="1625432347198" clover="3.2.0">
  <project timestamp="1625432347198" name="All files">
    <metrics statements="64" coveredstatements="43" conditionals="12" coveredconditionals="6" methods="34" coveredmethods="14" elements="110" coveredelements="63" complexity="0" loc="64" ncloc="64" packages="3" files="11" classes="11"/>
    <package name="src">
      <metrics statements="1" coveredstatements="1" conditionals="0" coveredconditionals="0" methods="1" coveredmethods="1"/>
      <file name="math.js" path="/Users/michael/dev/mosh/redux-practice/redux-starter/src/math.js">
        <metrics statements="1" coveredstatements="1" conditionals="0" coveredconditionals="0" methods="1" coveredmethods="1"/>
        <line num="1" count="2" type="stmt"/>
      </file>
    </package>
    <package name="src.store">
      <metrics statements="42" coveredstatements="21" conditionals="2" coveredconditionals="0" methods="23" coveredmethods="3"/>
      <file name="api.js" path="/Users/michael/dev/mosh/redux-practice/redux-starter/src/store/api.js">
        <metrics statements="3" coveredstatements="3" conditionals="0" coveredconditionals="0" methods="0" coveredmethods="0"/>
        <line num="4" count="1" type="stmt"/>
        <line num="5" count="1" type="stmt"/>
        <line num="6" count="1" type="stmt"/>
      </file>
      <file name="bugs.js" path="/Users/michael/dev/mosh/redux-practice/redux-starter/src/store/bugs.js">
        <metrics statements="29" coveredstatements="10" conditionals="2" coveredconditionals="0" methods="20" coveredmethods="2"/>
        <line num="8" count="1" type="stmt"/>
        <line num="18" count="0" type="stmt"/>
        <line num="21" count="0" type="stmt"/>
        <line num="25" count="0" type="stmt"/>
        <line num="26" count="0" type="stmt"/>
        <line num="27" count="0" type="stmt"/>
        <line num="34" count="1" type="stmt"/>
        <line num="38" count="0" type="stmt"/>
        <line num="39" count="0" type="stmt"/>
        <line num="42" count="0" type="stmt"/>
        <line num="43" count="0" type="stmt"/>
        <line num="44" count="0" type="stmt"/>
        <line num="56" count="1" type="stmt"/>
        <line num="60" count="1" type="stmt"/>
        <line num="63" count="1" type="stmt"/>
        <line num="65" count="0" type="stmt"/>
        <line num="67" count="0" type="stmt"/>
        <line num="69" count="0" type="cond" truecount="0" falsecount="2"/>
        <line num="71" count="0" type="stmt"/>
        <line num="79" count="2" type="stmt"/>
        <line num="86" count="1" type="stmt"/>
        <line num="93" count="1" type="stmt"/>
        <line num="105" count="1" type="stmt"/>
        <line num="106" count="0" type="stmt"/>
        <line num="107" count="0" type="stmt"/>
        <line num="110" count="1" type="stmt"/>
        <line num="111" count="0" type="stmt"/>
        <line num="112" count="0" type="stmt"/>
        <line num="113" count="0" type="stmt"/>
      </file>
      <file name="configureStore.js" path="/Users/michael/dev/mosh/redux-practice/redux-starter/src/store/configureStore.js">
        <metrics statements="2" coveredstatements="2" conditionals="0" coveredconditionals="0" methods="1" coveredmethods="1"/>
        <line num="9" count="2" type="stmt"/>
        <line num="18" count="2" type="stmt"/>
      </file>
      <file name="entities.js" path="/Users/michael/dev/mosh/redux-practice/redux-starter/src/store/entities.js">
        <metrics statements="0" coveredstatements="0" conditionals="0" coveredconditionals="0" methods="0" coveredmethods="0"/>
      </file>
      <file name="projects.js" path="/Users/michael/dev/mosh/redux-practice/redux-starter/src/store/projects.js">
        <metrics statements="4" coveredstatements="3" conditionals="0" coveredconditionals="0" methods="1" coveredmethods="0"/>
        <line num="3" count="1" type="stmt"/>
        <line num="5" count="1" type="stmt"/>
        <line num="10" count="0" type="stmt"/>
        <line num="17" count="1" type="stmt"/>
      </file>
      <file name="reducer.js" path="/Users/michael/dev/mosh/redux-practice/redux-starter/src/store/reducer.js">
        <metrics statements="0" coveredstatements="0" conditionals="0" coveredconditionals="0" methods="0" coveredmethods="0"/>
      </file>
      <file name="users.js" path="/Users/michael/dev/mosh/redux-practice/redux-starter/src/store/users.js">
        <metrics statements="4" coveredstatements="3" conditionals="0" coveredconditionals="0" methods="1" coveredmethods="0"/>
        <line num="3" count="1" type="stmt"/>
        <line num="4" count="1" type="stmt"/>
        <line num="9" count="0" type="stmt"/>
        <line num="18" count="1" type="stmt"/>
      </file>
    </package>
    <package name="src.store.middleware">
      <metrics statements="21" coveredstatements="21" conditionals="10" coveredconditionals="6" methods="10" coveredmethods="10"/>
      <file name="api.js" path="/Users/michael/dev/mosh/redux-practice/redux-starter/src/store/middleware/api.js">
        <metrics statements="15" coveredstatements="15" conditionals="8" coveredconditionals="5" methods="3" coveredmethods="3"/>
        <line num="5" count="1" type="stmt"/>
        <line num="6" count="2" type="stmt"/>
        <line num="7" count="2" type="stmt"/>
        <line num="8" count="5" type="cond" truecount="2" falsecount="0"/>
        <line num="9" count="3" type="stmt"/>
        <line num="10" count="3" type="stmt"/>
        <line num="12" count="2" type="stmt"/>
        <line num="13" count="2" type="cond" truecount="1" falsecount="1"/>
        <line num="14" count="2" type="stmt"/>
        <line num="15" count="2" type="stmt"/>
        <line num="16" count="2" type="stmt"/>
        <line num="23" count="1" type="stmt"/>
        <line num="25" count="1" type="cond" truecount="1" falsecount="1"/>
        <line num="28" count="1" type="stmt"/>
        <line num="30" count="1" type="cond" truecount="1" falsecount="1"/>
      </file>
      <file name="logger.js" path="/Users/michael/dev/mosh/redux-practice/redux-starter/src/store/middleware/logger.js">
        <metrics statements="3" coveredstatements="3" conditionals="0" coveredconditionals="0" methods="4" coveredmethods="4"/>
        <line num="1" count="2" type="stmt"/>
        <line num="2" count="5" type="stmt"/>
        <line num="6" count="5" type="stmt"/>
      </file>
      <file name="toast.js" path="/Users/michael/dev/mosh/redux-practice/redux-starter/src/store/middleware/toast.js">
        <metrics statements="3" coveredstatements="3" conditionals="2" coveredconditionals="1" methods="3" coveredmethods="3"/>
        <line num="1" count="2" type="stmt"/>
        <line num="2" count="5" type="cond" truecount="1" falsecount="1"/>
        <line num="3" count="5" type="stmt"/>
      </file>
    </package>
  </project>
</coverage>
