{"/Users/michael/dev/mosh/redux-practice/redux-starter/src/math.js": {"path":"/Users/michael/dev/mosh/redux-practice/redux-starter/src/math.js","statementMap":{"0":{"start":{"line":1,"column":22},"end":{"line":1,"column":48}},"1":{"start":{"line":1,"column":32},"end":{"line":1,"column":48}}},"fnMap":{"0":{"name":"(anonymous_0)","decl":{"start":{"line":1,"column":22},"end":{"line":1,"column":23}},"loc":{"start":{"line":1,"column":32},"end":{"line":1,"column":48}},"line":1}},"branchMap":{},"s":{"0":1,"1":2},"f":{"0":2},"b":{},"_coverageSchema":"1a1c01bbd47fc00a2c39e90264f33305004495a9","hash":"9105f04d3f803224d118c81f236983643a32f715"}
,"/Users/michael/dev/mosh/redux-practice/redux-starter/src/store/api.js": {"path":"/Users/michael/dev/mosh/redux-practice/redux-starter/src/store/api.js","statementMap":{"0":{"start":{"line":4,"column":28},"end":{"line":4,"column":57}},"1":{"start":{"line":5,"column":30},"end":{"line":5,"column":61}},"2":{"start":{"line":6,"column":29},"end":{"line":6,"column":59}}},"fnMap":{},"branchMap":{},"s":{"0":1,"1":1,"2":1},"f":{},"b":{},"_coverageSchema":"1a1c01bbd47fc00a2c39e90264f33305004495a9","hash":"1868ca7f8216e455c21a0d04a3751de2dfcb3e39"}
,"/Users/michael/dev/mosh/redux-practice/redux-starter/src/store/bugs.js": {"path":"/Users/michael/dev/mosh/redux-practice/redux-starter/src/store/bugs.js","statementMap":{"0":{"start":{"line":8,"column":14},"end":{"line":47,"column":2}},"1":{"start":{"line":18,"column":6},"end":{"line":18,"column":27}},"2":{"start":{"line":21,"column":6},"end":{"line":21,"column":26}},"3":{"start":{"line":25,"column":6},"end":{"line":25,"column":33}},"4":{"start":{"line":26,"column":6},"end":{"line":26,"column":27}},"5":{"start":{"line":27,"column":6},"end":{"line":27,"column":33}},"6":{"start":{"line":34,"column":6},"end":{"line":34,"column":37}},"7":{"start":{"line":38,"column":20},"end":{"line":38,"column":78}},"8":{"start":{"line":38,"column":49},"end":{"line":38,"column":77}},"9":{"start":{"line":39,"column":6},"end":{"line":39,"column":39}},"10":{"start":{"line":42,"column":36},"end":{"line":42,"column":50}},"11":{"start":{"line":43,"column":20},"end":{"line":43,"column":66}},"12":{"start":{"line":43,"column":49},"end":{"line":43,"column":65}},"13":{"start":{"line":44,"column":6},"end":{"line":44,"column":39}},"14":{"start":{"line":56,"column":4},"end":{"line":56,"column":17}},"15":{"start":{"line":60,"column":12},"end":{"line":60,"column":19}},"16":{"start":{"line":63,"column":24},"end":{"line":77,"column":1}},"17":{"start":{"line":63,"column":30},"end":{"line":77,"column":1}},"18":{"start":{"line":65,"column":22},"end":{"line":65,"column":46}},"19":{"start":{"line":67,"column":24},"end":{"line":67,"column":67}},"20":{"start":{"line":69,"column":2},"end":{"line":69,"column":31}},"21":{"start":{"line":69,"column":25},"end":{"line":69,"column":31}},"22":{"start":{"line":71,"column":2},"end":{"line":76,"column":6}},"23":{"start":{"line":79,"column":22},"end":{"line":84,"column":2}},"24":{"start":{"line":79,"column":29},"end":{"line":84,"column":2}},"25":{"start":{"line":86,"column":26},"end":{"line":91,"column":2}},"26":{"start":{"line":86,"column":32},"end":{"line":91,"column":2}},"27":{"start":{"line":93,"column":31},"end":{"line":98,"column":2}},"28":{"start":{"line":93,"column":49},"end":{"line":98,"column":2}},"29":{"start":{"line":105,"column":33},"end":{"line":108,"column":1}},"30":{"start":{"line":106,"column":13},"end":{"line":106,"column":32}},"31":{"start":{"line":107,"column":12},"end":{"line":107,"column":47}},"32":{"start":{"line":107,"column":33},"end":{"line":107,"column":46}},"33":{"start":{"line":110,"column":29},"end":{"line":114,"column":3}},"34":{"start":{"line":111,"column":2},"end":{"line":114,"column":3}},"35":{"start":{"line":112,"column":15},"end":{"line":112,"column":34}},"36":{"start":{"line":113,"column":14},"end":{"line":113,"column":57}},"37":{"start":{"line":113,"column":35},"end":{"line":113,"column":56}}},"fnMap":{"0":{"name":"(anonymous_0)","decl":{"start":{"line":17,"column":25},"end":{"line":17,"column":26}},"loc":{"start":{"line":17,"column":43},"end":{"line":19,"column":5}},"line":17},"1":{"name":"(anonymous_1)","decl":{"start":{"line":20,"column":19},"end":{"line":20,"column":20}},"loc":{"start":{"line":20,"column":37},"end":{"line":22,"column":5}},"line":20},"2":{"name":"(anonymous_2)","decl":{"start":{"line":24,"column":18},"end":{"line":24,"column":19}},"loc":{"start":{"line":24,"column":36},"end":{"line":28,"column":5}},"line":24},"3":{"name":"(anonymous_3)","decl":{"start":{"line":33,"column":14},"end":{"line":33,"column":15}},"loc":{"start":{"line":33,"column":32},"end":{"line":35,"column":5}},"line":33},"4":{"name":"(anonymous_4)","decl":{"start":{"line":37,"column":17},"end":{"line":37,"column":18}},"loc":{"start":{"line":37,"column":35},"end":{"line":40,"column":5}},"line":37},"5":{"name":"(anonymous_5)","decl":{"start":{"line":38,"column":40},"end":{"line":38,"column":41}},"loc":{"start":{"line":38,"column":49},"end":{"line":38,"column":77}},"line":38},"6":{"name":"(anonymous_6)","decl":{"start":{"line":41,"column":21},"end":{"line":41,"column":22}},"loc":{"start":{"line":41,"column":39},"end":{"line":45,"column":5}},"line":41},"7":{"name":"(anonymous_7)","decl":{"start":{"line":43,"column":40},"end":{"line":43,"column":41}},"loc":{"start":{"line":43,"column":49},"end":{"line":43,"column":65}},"line":43},"8":{"name":"(anonymous_8)","decl":{"start":{"line":63,"column":24},"end":{"line":63,"column":25}},"loc":{"start":{"line":63,"column":30},"end":{"line":77,"column":1}},"line":63},"9":{"name":"(anonymous_9)","decl":{"start":{"line":63,"column":30},"end":{"line":63,"column":31}},"loc":{"start":{"line":63,"column":54},"end":{"line":77,"column":1}},"line":63},"10":{"name":"(anonymous_10)","decl":{"start":{"line":79,"column":22},"end":{"line":79,"column":23}},"loc":{"start":{"line":79,"column":29},"end":{"line":84,"column":2}},"line":79},"11":{"name":"(anonymous_11)","decl":{"start":{"line":86,"column":26},"end":{"line":86,"column":27}},"loc":{"start":{"line":86,"column":32},"end":{"line":91,"column":2}},"line":86},"12":{"name":"(anonymous_12)","decl":{"start":{"line":93,"column":31},"end":{"line":93,"column":32}},"loc":{"start":{"line":93,"column":49},"end":{"line":98,"column":2}},"line":93},"13":{"name":"(anonymous_13)","decl":{"start":{"line":106,"column":2},"end":{"line":106,"column":3}},"loc":{"start":{"line":106,"column":13},"end":{"line":106,"column":32}},"line":106},"14":{"name":"(anonymous_14)","decl":{"start":{"line":107,"column":2},"end":{"line":107,"column":3}},"loc":{"start":{"line":107,"column":12},"end":{"line":107,"column":47}},"line":107},"15":{"name":"(anonymous_15)","decl":{"start":{"line":107,"column":24},"end":{"line":107,"column":25}},"loc":{"start":{"line":107,"column":33},"end":{"line":107,"column":46}},"line":107},"16":{"name":"(anonymous_16)","decl":{"start":{"line":110,"column":29},"end":{"line":110,"column":30}},"loc":{"start":{"line":111,"column":2},"end":{"line":114,"column":3}},"line":111},"17":{"name":"(anonymous_17)","decl":{"start":{"line":112,"column":4},"end":{"line":112,"column":5}},"loc":{"start":{"line":112,"column":15},"end":{"line":112,"column":34}},"line":112},"18":{"name":"(anonymous_18)","decl":{"start":{"line":113,"column":4},"end":{"line":113,"column":5}},"loc":{"start":{"line":113,"column":14},"end":{"line":113,"column":57}},"line":113},"19":{"name":"(anonymous_19)","decl":{"start":{"line":113,"column":26},"end":{"line":113,"column":27}},"loc":{"start":{"line":113,"column":35},"end":{"line":113,"column":56}},"line":113}},"branchMap":{"0":{"loc":{"start":{"line":69,"column":2},"end":{"line":69,"column":31}},"type":"if","locations":[{"start":{"line":69,"column":2},"end":{"line":69,"column":31}},{"start":{"line":69,"column":2},"end":{"line":69,"column":31}}],"line":69}},"s":{"0":1,"1":0,"2":0,"3":0,"4":0,"5":0,"6":1,"7":0,"8":0,"9":0,"10":0,"11":0,"12":0,"13":0,"14":1,"15":1,"16":1,"17":0,"18":0,"19":0,"20":0,"21":0,"22":0,"23":1,"24":2,"25":1,"26":0,"27":1,"28":0,"29":1,"30":0,"31":0,"32":0,"33":1,"34":0,"35":0,"36":0,"37":0},"f":{"0":0,"1":0,"2":0,"3":1,"4":0,"5":0,"6":0,"7":0,"8":0,"9":0,"10":2,"11":0,"12":0,"13":0,"14":0,"15":0,"16":0,"17":0,"18":0,"19":0},"b":{"0":[0,0]},"_coverageSchema":"1a1c01bbd47fc00a2c39e90264f33305004495a9","hash":"a4bb9c06c2099f66f357f6a240164d1536213913"}
,"/Users/michael/dev/mosh/redux-practice/redux-starter/src/store/configureStore.js": {"path":"/Users/michael/dev/mosh/redux-practice/redux-starter/src/store/configureStore.js","statementMap":{"0":{"start":{"line":9,"column":16},"end":{"line":17,"column":4}},"1":{"start":{"line":18,"column":2},"end":{"line":18,"column":15}}},"fnMap":{"0":{"name":"(anonymous_0)","decl":{"start":{"line":7,"column":15},"end":{"line":7,"column":16}},"loc":{"start":{"line":7,"column":27},"end":{"line":19,"column":1}},"line":7}},"branchMap":{},"s":{"0":2,"1":2},"f":{"0":2},"b":{},"_coverageSchema":"1a1c01bbd47fc00a2c39e90264f33305004495a9","hash":"718c530172a90d6b4d3c6f0b5771731da894356e"}
,"/Users/michael/dev/mosh/redux-practice/redux-starter/src/store/entities.js": {"path":"/Users/michael/dev/mosh/redux-practice/redux-starter/src/store/entities.js","statementMap":{},"fnMap":{},"branchMap":{},"s":{},"f":{},"b":{},"_coverageSchema":"1a1c01bbd47fc00a2c39e90264f33305004495a9","hash":"206a5bd7ac8568811f5f6e8b0afffb11e71e54ea"}
,"/Users/michael/dev/mosh/redux-practice/redux-starter/src/store/projects.js": {"path":"/Users/michael/dev/mosh/redux-practice/redux-starter/src/store/projects.js","statementMap":{"0":{"start":{"line":3,"column":13},"end":{"line":3,"column":14}},"1":{"start":{"line":5,"column":14},"end":{"line":16,"column":2}},"2":{"start":{"line":10,"column":6},"end":{"line":13,"column":9}},"3":{"start":{"line":17,"column":32},"end":{"line":17,"column":45}}},"fnMap":{"0":{"name":"(anonymous_0)","decl":{"start":{"line":9,"column":18},"end":{"line":9,"column":19}},"loc":{"start":{"line":9,"column":40},"end":{"line":14,"column":5}},"line":9}},"branchMap":{},"s":{"0":1,"1":1,"2":0,"3":1},"f":{"0":0},"b":{},"_coverageSchema":"1a1c01bbd47fc00a2c39e90264f33305004495a9","hash":"6307859b03c813eae7c56342a054d5b8d8823c7b"}
,"/Users/michael/dev/mosh/redux-practice/redux-starter/src/store/reducer.js": {"path":"/Users/michael/dev/mosh/redux-practice/redux-starter/src/store/reducer.js","statementMap":{},"fnMap":{},"branchMap":{},"s":{},"f":{},"b":{},"_coverageSchema":"1a1c01bbd47fc00a2c39e90264f33305004495a9","hash":"887bd7fdf7d4215e6a2a2e9aeb00111645ef0806"}
,"/Users/michael/dev/mosh/redux-practice/redux-starter/src/store/users.js": {"path":"/Users/michael/dev/mosh/redux-practice/redux-starter/src/store/users.js","statementMap":{"0":{"start":{"line":3,"column":13},"end":{"line":3,"column":14}},"1":{"start":{"line":4,"column":14},"end":{"line":16,"column":2}},"2":{"start":{"line":9,"column":6},"end":{"line":12,"column":8}},"3":{"start":{"line":18,"column":29},"end":{"line":18,"column":42}}},"fnMap":{"0":{"name":"(anonymous_0)","decl":{"start":{"line":8,"column":15},"end":{"line":8,"column":16}},"loc":{"start":{"line":8,"column":34},"end":{"line":14,"column":5}},"line":8}},"branchMap":{},"s":{"0":1,"1":1,"2":0,"3":1},"f":{"0":0},"b":{},"_coverageSchema":"1a1c01bbd47fc00a2c39e90264f33305004495a9","hash":"36d2d6e4bb7d58be0f7ad37a4b001539f64b3540"}
,"/Users/michael/dev/mosh/redux-practice/redux-starter/src/store/middleware/api.js": {"path":"/Users/michael/dev/mosh/redux-practice/redux-starter/src/store/middleware/api.js","statementMap":{"0":{"start":{"line":5,"column":2},"end":{"line":32,"column":3}},"1":{"start":{"line":6,"column":2},"end":{"line":32,"column":3}},"2":{"start":{"line":7,"column":2},"end":{"line":32,"column":3}},"3":{"start":{"line":8,"column":4},"end":{"line":11,"column":5}},"4":{"start":{"line":9,"column":6},"end":{"line":9,"column":19}},"5":{"start":{"line":10,"column":6},"end":{"line":10,"column":13}},"6":{"start":{"line":12,"column":63},"end":{"line":12,"column":77}},"7":{"start":{"line":13,"column":4},"end":{"line":13,"column":45}},"8":{"start":{"line":13,"column":17},"end":{"line":13,"column":45}},"9":{"start":{"line":14,"column":4},"end":{"line":14,"column":17}},"10":{"start":{"line":15,"column":4},"end":{"line":31,"column":5}},"11":{"start":{"line":16,"column":23},"end":{"line":21,"column":8}},"12":{"start":{"line":23,"column":6},"end":{"line":23,"column":54}},"13":{"start":{"line":25,"column":6},"end":{"line":25,"column":75}},"14":{"start":{"line":25,"column":21},"end":{"line":25,"column":75}},"15":{"start":{"line":28,"column":6},"end":{"line":28,"column":53}},"16":{"start":{"line":30,"column":6},"end":{"line":30,"column":71}},"17":{"start":{"line":30,"column":19},"end":{"line":30,"column":71}}},"fnMap":{"0":{"name":"(anonymous_0)","decl":{"start":{"line":5,"column":2},"end":{"line":5,"column":3}},"loc":{"start":{"line":6,"column":2},"end":{"line":32,"column":3}},"line":6},"1":{"name":"(anonymous_1)","decl":{"start":{"line":6,"column":2},"end":{"line":6,"column":3}},"loc":{"start":{"line":7,"column":2},"end":{"line":32,"column":3}},"line":7},"2":{"name":"(anonymous_2)","decl":{"start":{"line":7,"column":2},"end":{"line":7,"column":3}},"loc":{"start":{"line":7,"column":20},"end":{"line":32,"column":3}},"line":7}},"branchMap":{"0":{"loc":{"start":{"line":8,"column":4},"end":{"line":11,"column":5}},"type":"if","locations":[{"start":{"line":8,"column":4},"end":{"line":11,"column":5}},{"start":{"line":8,"column":4},"end":{"line":11,"column":5}}],"line":8},"1":{"loc":{"start":{"line":13,"column":4},"end":{"line":13,"column":45}},"type":"if","locations":[{"start":{"line":13,"column":4},"end":{"line":13,"column":45}},{"start":{"line":13,"column":4},"end":{"line":13,"column":45}}],"line":13},"2":{"loc":{"start":{"line":25,"column":6},"end":{"line":25,"column":75}},"type":"if","locations":[{"start":{"line":25,"column":6},"end":{"line":25,"column":75}},{"start":{"line":25,"column":6},"end":{"line":25,"column":75}}],"line":25},"3":{"loc":{"start":{"line":30,"column":6},"end":{"line":30,"column":71}},"type":"if","locations":[{"start":{"line":30,"column":6},"end":{"line":30,"column":71}},{"start":{"line":30,"column":6},"end":{"line":30,"column":71}}],"line":30}},"s":{"0":1,"1":2,"2":2,"3":5,"4":3,"5":3,"6":2,"7":2,"8":0,"9":2,"10":2,"11":2,"12":1,"13":1,"14":1,"15":1,"16":1,"17":0},"f":{"0":2,"1":2,"2":5},"b":{"0":[3,2],"1":[0,2],"2":[1,0],"3":[0,1]},"_coverageSchema":"1a1c01bbd47fc00a2c39e90264f33305004495a9","hash":"4cc3eb8b44603ff563859569b745de103dbe2550"}
,"/Users/michael/dev/mosh/redux-practice/redux-starter/src/store/middleware/logger.js": {"path":"/Users/michael/dev/mosh/redux-practice/redux-starter/src/store/middleware/logger.js","statementMap":{"0":{"start":{"line":1,"column":15},"end":{"line":7,"column":1}},"1":{"start":{"line":1,"column":25},"end":{"line":7,"column":1}},"2":{"start":{"line":1,"column":34},"end":{"line":7,"column":1}},"3":{"start":{"line":1,"column":42},"end":{"line":7,"column":1}},"4":{"start":{"line":2,"column":2},"end":{"line":2,"column":21}},"5":{"start":{"line":6,"column":2},"end":{"line":6,"column":22}}},"fnMap":{"0":{"name":"(anonymous_0)","decl":{"start":{"line":1,"column":15},"end":{"line":1,"column":16}},"loc":{"start":{"line":1,"column":25},"end":{"line":7,"column":1}},"line":1},"1":{"name":"(anonymous_1)","decl":{"start":{"line":1,"column":25},"end":{"line":1,"column":26}},"loc":{"start":{"line":1,"column":34},"end":{"line":7,"column":1}},"line":1},"2":{"name":"(anonymous_2)","decl":{"start":{"line":1,"column":34},"end":{"line":1,"column":35}},"loc":{"start":{"line":1,"column":42},"end":{"line":7,"column":1}},"line":1},"3":{"name":"(anonymous_3)","decl":{"start":{"line":1,"column":42},"end":{"line":1,"column":43}},"loc":{"start":{"line":1,"column":52},"end":{"line":7,"column":1}},"line":1}},"branchMap":{},"s":{"0":1,"1":2,"2":2,"3":2,"4":5,"5":5},"f":{"0":2,"1":2,"2":2,"3":5},"b":{},"_coverageSchema":"1a1c01bbd47fc00a2c39e90264f33305004495a9","hash":"71dd03e0f04a64b890f4fb6e5eb2a5b3c5c6f449"}
,"/Users/michael/dev/mosh/redux-practice/redux-starter/src/store/middleware/toast.js": {"path":"/Users/michael/dev/mosh/redux-practice/redux-starter/src/store/middleware/toast.js","statementMap":{"0":{"start":{"line":1,"column":14},"end":{"line":4,"column":1}},"1":{"start":{"line":1,"column":25},"end":{"line":4,"column":1}},"2":{"start":{"line":1,"column":35},"end":{"line":4,"column":1}},"3":{"start":{"line":2,"column":2},"end":{"line":3,"column":27}},"4":{"start":{"line":2,"column":31},"end":{"line":2,"column":79}},"5":{"start":{"line":3,"column":7},"end":{"line":3,"column":27}}},"fnMap":{"0":{"name":"(anonymous_0)","decl":{"start":{"line":1,"column":14},"end":{"line":1,"column":15}},"loc":{"start":{"line":1,"column":25},"end":{"line":4,"column":1}},"line":1},"1":{"name":"(anonymous_1)","decl":{"start":{"line":1,"column":25},"end":{"line":1,"column":26}},"loc":{"start":{"line":1,"column":35},"end":{"line":4,"column":1}},"line":1},"2":{"name":"(anonymous_2)","decl":{"start":{"line":1,"column":35},"end":{"line":1,"column":36}},"loc":{"start":{"line":1,"column":47},"end":{"line":4,"column":1}},"line":1}},"branchMap":{"0":{"loc":{"start":{"line":2,"column":2},"end":{"line":3,"column":27}},"type":"if","locations":[{"start":{"line":2,"column":2},"end":{"line":3,"column":27}},{"start":{"line":2,"column":2},"end":{"line":3,"column":27}}],"line":2}},"s":{"0":1,"1":2,"2":2,"3":5,"4":0,"5":5},"f":{"0":2,"1":2,"2":5},"b":{"0":[0,5]},"_coverageSchema":"1a1c01bbd47fc00a2c39e90264f33305004495a9","hash":"45906ddd9560b012f5fb91dffe32ddd701dd8551"}
}
